Arguments: 
  C:\Program Files\nodejs\node.exe C:\Users\pc\AppData\Roaming\npm\node_modules\yarn\bin\yarn.js add react --silent --no-progress

PATH: 
  C:\Program Files\nodejs\node_modules\npm\node_modules\npm-lifecycle\node-gyp-bin;D:\Taro\MyApp\node_modules\.bin;C:\Program Files (x86)\Common Files\Intel\Shared Libraries\redist\intel64_win\compiler;C:\Program Files\Java\jdk-12.0.2\bin;C:\Program Files\Java\jdk-12.0.2\jre\bin;C:\Program Files\nodejs\;C:\Windows\system32;C:\Windows;C:\Windows\system32\wbem;C:\Program Files\Git\cmd;C:\Users\pc\AppData\Local\Programs\Python\Python37\Scripts\;C:\Users\pc\AppData\Local\Programs\Python\Python37\;C:\Users\pc\AppData\Local\Microsoft\WindowsApps;;C:\Users\pc\AppData\Local\Programs\Microsoft VS Code\bin;D:\PyCharm\PyCharm 2019.2\bin;;D:\Texlive\texlive\2019\bin\win32;C:\Users\pc\AppData\Roaming\npm

Yarn version: 
  1.19.1

Node version: 
  12.9.1

Platform: 
  win32 x64

Trace: 
  Error: EPERM: operation not permitted, unlink 'D:\Taro\MyApp\node_modules\node-sass\vendor\win32-x64-72\binding.node'

npm manifest: 
  {
    "name": "MyApp",
    "version": "1.0.0",
    "private": true,
    "description": "&#34;test&#34;",
    "templateInfo": {
      "name": "default",
      "typescript": false,
      "css": "sass"
    },
    "scripts": {
      "build:weapp": "taro build --type weapp",
      "build:swan": "taro build --type swan",
      "build:alipay": "taro build --type alipay",
      "build:tt": "taro build --type tt",
      "build:h5": "taro build --type h5",
      "build:rn": "taro build --type rn",
      "build:qq": "taro build --type qq",
      "build:quickapp": "taro build --type quickapp",
      "dev:weapp": "npm run build:weapp -- --watch",
      "dev:swan": "npm run build:swan -- --watch",
      "dev:alipay": "npm run build:alipay -- --watch",
      "dev:tt": "npm run build:tt -- --watch",
      "dev:h5": "npm run build:h5 -- --watch",
      "dev:rn": "npm run build:rn -- --watch",
      "dev:qq": "npm run build:qq -- --watch",
      "dev:quickapp": "npm run build:quickapp -- --watch"
    },
    "author": "",
    "license": "MIT",
    "dependencies": {
      "@tarojs/components": "1.3.22",
      "@tarojs/router": "1.3.22",
      "@tarojs/taro": "1.3.22",
      "@tarojs/taro-alipay": "1.3.22",
      "@tarojs/taro-h5": "1.3.22",
      "@tarojs/taro-qq": "1.3.22",
      "@tarojs/taro-quickapp": "1.3.22",
      "@tarojs/taro-swan": "^1.3.22",
      "@tarojs/taro-tt": "1.3.22",
      "@tarojs/taro-weapp": "1.3.22",
      "nerv-devtools": "^1.5.0",
      "nervjs": "^1.5.0",
      "taro-ui": "^2.2.4"
    },
    "devDependencies": {
      "@tarojs/plugin-babel": "1.3.22",
      "@tarojs/plugin-csso": "1.3.22",
      "@tarojs/plugin-sass": "1.3.22",
      "@tarojs/plugin-uglifyjs": "^1.3.22",
      "@tarojs/webpack-runner": "1.3.22",
      "@types/react": "^16.4.6",
      "@types/webpack-env": "^1.13.6",
      "babel-eslint": "^8.2.3",
      "babel-plugin-transform-class-properties": "^6.24.1",
      "babel-plugin-transform-decorators-legacy": "^1.3.4",
      "babel-plugin-transform-jsx-stylesheet": "^0.6.5",
      "babel-plugin-transform-object-rest-spread": "^6.26.0",
      "babel-preset-env": "^1.6.1",
      "eslint": "^5.16.0",
      "eslint-config-taro": "1.3.22",
      "eslint-plugin-import": "^2.12.0",
      "eslint-plugin-react": "^7.8.2",
      "eslint-plugin-react-hooks": "^1.6.1",
      "eslint-plugin-taro": "1.3.22",
      "stylelint": "9.3.0",
      "stylelint-config-taro-rn": "1.3.22",
      "stylelint-taro-rn": "1.3.22"
    }
  }

yarn manifest: 
  No manifest

Lockfile: 
  No lockfile
